Build started 6/21/2013 12:26:59 PM.
     1>Project "C:\CUDA Projects\QuadDLL\QuadDLL\QuadDLL.vcxproj" on node 2 (build target(s)).
     1>InitializeBuildStatus:
         Creating "Debug\QuadDLL.unsuccessfulbuild" because "AlwaysCreate" was specified.
       AddCudaCompileDeps:
         c:\Program Files (x86)\Microsoft Visual Studio 10.0\VC\bin\cl.exe /E /nologo /showIncludes /TP /D__CUDACC__ /I"C:\Program Files\NVIDIA GPU Computing Toolkit\CUDA\v4.2\bin" /I"C:\Program Files\NVIDIA GPU Computing Toolkit\CUDA\v4.2\include" /I. /FIcuda_runtime.h /c "C:\CUDA Projects\QuadDLL\QuadDLL\QuadPlanner.cu" 
       AddCudaCompilePropsDeps:
       Skipping target "AddCudaCompilePropsDeps" because all output files are up-to-date with respect to the input files.
       CudaBuild:
         Compiling CUDA source file QuadPlanner.cu...
         cmd.exe /C "C:\Users\Pancho\AppData\Local\Temp\830187f5defc4aed99dcffa2b995889e.cmd"
         "C:\Program Files\NVIDIA GPU Computing Toolkit\CUDA\v4.2\bin\nvcc.exe" -gencode=arch=compute_20,code=\"sm_21,compute_20\" --use-local-env --cl-version 2010 -ccbin "c:\Program Files (x86)\Microsoft Visual Studio 10.0\VC\bin"  -I"C:\Program Files\NVIDIA GPU Computing Toolkit\CUDA\v4.2\include"  -G  --keep-dir "Debug" -maxrregcount=0  --machine 32 --compile  -g    -Xcompiler "/EHsc /nologo /Od /Zi  /MDd  " -o "Debug\QuadPlanner.cu.obj" "C:\CUDA Projects\QuadDLL\QuadDLL\QuadPlanner.cu"
         
         C:\CUDA Projects\QuadDLL\QuadDLL>"C:\Program Files\NVIDIA GPU Computing Toolkit\CUDA\v4.2\bin\nvcc.exe" -gencode=arch=compute_20,code=\"sm_21,compute_20\" --use-local-env --cl-version 2010 -ccbin "c:\Program Files (x86)\Microsoft Visual Studio 10.0\VC\bin"  -I"C:\Program Files\NVIDIA GPU Computing Toolkit\CUDA\v4.2\include"  -G  --keep-dir "Debug" -maxrregcount=0  --machine 32 --compile  -g    -Xcompiler "/EHsc /nologo /Od /Zi  /MDd  " -o "Debug\QuadPlanner.cu.obj" "C:\CUDA Projects\QuadDLL\QuadDLL\QuadPlanner.cu" 
         QuadPlanner.cu
     1>C:/CUDA Projects/QuadDLL/QuadDLL/QuadPlanner.cu(177): warning : variable "predecesorIndex" was set but never used
         
     1>C:/CUDA Projects/QuadDLL/QuadDLL/QuadPlanner.cu(377): warning : variable "temp" was declared but never referenced
         
     1>C:/CUDA Projects/QuadDLL/QuadDLL/QuadPlanner.cu(409): error : argument of type "PlanStruct *" is incompatible with parameter of type "QuadStruct *"
         
     1>C:/CUDA Projects/QuadDLL/QuadDLL/QuadPlanner.cu(691): warning : variable "currentNeighbors" was declared but never referenced
         
         1 error detected in the compilation of "C:/Users/Pancho/AppData/Local/Temp/tmpxft_00001b70_00000000-3_QuadPlanner.cpp1.ii".
     1>C:\Program Files (x86)\MSBuild\Microsoft.Cpp\v4.0\BuildCustomizations\CUDA 4.2.targets(361,9): error MSB3721: The command ""C:\Program Files\NVIDIA GPU Computing Toolkit\CUDA\v4.2\bin\nvcc.exe" -gencode=arch=compute_20,code=\"sm_21,compute_20\" --use-local-env --cl-version 2010 -ccbin "c:\Program Files (x86)\Microsoft Visual Studio 10.0\VC\bin"  -I"C:\Program Files\NVIDIA GPU Computing Toolkit\CUDA\v4.2\include"  -G  --keep-dir "Debug" -maxrregcount=0  --machine 32 --compile  -g    -Xcompiler "/EHsc /nologo /Od /Zi  /MDd  " -o "Debug\QuadPlanner.cu.obj" "C:\CUDA Projects\QuadDLL\QuadDLL\QuadPlanner.cu"" exited with code 2.
     1>Done Building Project "C:\CUDA Projects\QuadDLL\QuadDLL\QuadDLL.vcxproj" (build target(s)) -- FAILED.

Build FAILED.

Time Elapsed 00:00:01.73
