C:\CUDA PROJECTS\QUADDLL\DEBUG\QUADDLL.DLL
C:\CUDA Projects\QuadDLL\Debug\QuadDLL.exp
C:\CUDA PROJECTS\QUADDLL\DEBUG\QUADDLL.ILK
C:\CUDA Projects\QuadDLL\Debug\QuadDLL.lib
C:\CUDA PROJECTS\QUADDLL\DEBUG\QUADDLL.PDB
C:\CUDA Projects\QuadDLL\QuadDLL\Debug\cl.command.1.tlog
C:\CUDA Projects\QuadDLL\QuadDLL\Debug\CL.read.1.tlog
C:\CUDA Projects\QuadDLL\QuadDLL\Debug\CL.write.1.tlog
C:\CUDA Projects\QuadDLL\QuadDLL\Debug\link.11256.read.1.tlog
C:\CUDA Projects\QuadDLL\QuadDLL\Debug\link.11256.write.1.tlog
C:\CUDA Projects\QuadDLL\QuadDLL\Debug\link.11256-cvtres.read.1.tlog
C:\CUDA Projects\QuadDLL\QuadDLL\Debug\link.11256-cvtres.write.1.tlog
C:\CUDA Projects\QuadDLL\QuadDLL\Debug\link.2064.read.1.tlog
C:\CUDA Projects\QuadDLL\QuadDLL\Debug\link.2064.write.1.tlog
C:\CUDA Projects\QuadDLL\QuadDLL\Debug\link.2064-cvtres.read.1.tlog
C:\CUDA Projects\QuadDLL\QuadDLL\Debug\link.2064-cvtres.write.1.tlog
C:\CUDA Projects\QuadDLL\QuadDLL\Debug\link.5948.read.1.tlog
C:\CUDA Projects\QuadDLL\QuadDLL\Debug\link.5948.write.1.tlog
C:\CUDA Projects\QuadDLL\QuadDLL\Debug\link.5948-cvtres.read.1.tlog
C:\CUDA Projects\QuadDLL\QuadDLL\Debug\link.5948-cvtres.write.1.tlog
C:\CUDA Projects\QuadDLL\QuadDLL\Debug\link.6708.read.1.tlog
C:\CUDA Projects\QuadDLL\QuadDLL\Debug\link.6708.write.1.tlog
C:\CUDA Projects\QuadDLL\QuadDLL\Debug\link.6708-cvtres.read.1.tlog
C:\CUDA Projects\QuadDLL\QuadDLL\Debug\link.6708-cvtres.write.1.tlog
C:\CUDA Projects\QuadDLL\QuadDLL\Debug\link.7220.read.1.tlog
C:\CUDA Projects\QuadDLL\QuadDLL\Debug\link.7220.write.1.tlog
C:\CUDA Projects\QuadDLL\QuadDLL\Debug\link.7220-cvtres.read.1.tlog
C:\CUDA Projects\QuadDLL\QuadDLL\Debug\link.7220-cvtres.write.1.tlog
C:\CUDA Projects\QuadDLL\QuadDLL\Debug\link.7944.read.1.tlog
C:\CUDA Projects\QuadDLL\QuadDLL\Debug\link.7944.write.1.tlog
C:\CUDA Projects\QuadDLL\QuadDLL\Debug\link.7944-cvtres.read.1.tlog
C:\CUDA Projects\QuadDLL\QuadDLL\Debug\link.7944-cvtres.write.1.tlog
C:\CUDA Projects\QuadDLL\QuadDLL\Debug\link.8300.read.1.tlog
C:\CUDA Projects\QuadDLL\QuadDLL\Debug\link.8300.write.1.tlog
C:\CUDA Projects\QuadDLL\QuadDLL\Debug\link.8300-cvtres.read.1.tlog
C:\CUDA Projects\QuadDLL\QuadDLL\Debug\link.8300-cvtres.write.1.tlog
C:\CUDA Projects\QuadDLL\QuadDLL\Debug\link.8748.read.1.tlog
C:\CUDA Projects\QuadDLL\QuadDLL\Debug\link.8748.write.1.tlog
C:\CUDA Projects\QuadDLL\QuadDLL\Debug\link.8748-cvtres.read.1.tlog
C:\CUDA Projects\QuadDLL\QuadDLL\Debug\link.8748-cvtres.write.1.tlog
C:\CUDA Projects\QuadDLL\QuadDLL\Debug\link.9720.read.1.tlog
C:\CUDA Projects\QuadDLL\QuadDLL\Debug\link.9720.write.1.tlog
C:\CUDA Projects\QuadDLL\QuadDLL\Debug\link.9720-cvtres.read.1.tlog
C:\CUDA Projects\QuadDLL\QuadDLL\Debug\link.9720-cvtres.write.1.tlog
C:\CUDA Projects\QuadDLL\QuadDLL\Debug\link.9876.read.1.tlog
C:\CUDA Projects\QuadDLL\QuadDLL\Debug\link.9876.write.1.tlog
C:\CUDA Projects\QuadDLL\QuadDLL\Debug\link.9876-cvtres.read.1.tlog
C:\CUDA Projects\QuadDLL\QuadDLL\Debug\link.9876-cvtres.write.1.tlog
C:\CUDA Projects\QuadDLL\QuadDLL\Debug\link.command.1.tlog
C:\CUDA Projects\QuadDLL\QuadDLL\Debug\link.read.1.tlog
C:\CUDA Projects\QuadDLL\QuadDLL\Debug\link.write.1.tlog
C:\CUDA Projects\QuadDLL\QuadDLL\Debug\link-cvtres.read.1.tlog
C:\CUDA Projects\QuadDLL\QuadDLL\Debug\link-cvtres.write.1.tlog
C:\CUDA Projects\QuadDLL\QuadDLL\Debug\mt.command.1.tlog
C:\CUDA Projects\QuadDLL\QuadDLL\Debug\mt.read.1.tlog
C:\CUDA Projects\QuadDLL\QuadDLL\Debug\mt.write.1.tlog
C:\CUDA PROJECTS\QUADDLL\QUADDLL\DEBUG\QUADDLL.DLL.EMBED.MANIFEST
C:\CUDA PROJECTS\QUADDLL\QUADDLL\DEBUG\QUADDLL.DLL.EMBED.MANIFEST.RES
C:\CUDA PROJECTS\QUADDLL\QUADDLL\DEBUG\QUADDLL.DLL.INTERMEDIATE.MANIFEST
C:\CUDA Projects\QuadDLL\QuadDLL\Debug\QuadDLL.write.1.tlog
C:\CUDA Projects\QuadDLL\QuadDLL\Debug\QuadDLL_manifest.rc
C:\CUDA PROJECTS\QUADDLL\QUADDLL\DEBUG\QUADINTERFACE.OBJ
C:\CUDA Projects\QuadDLL\QuadDLL\Debug\QuadPlanner.cu.cache
C:\CUDA Projects\QuadDLL\QuadDLL\Debug\QuadPlanner.cu.obj
C:\CUDA Projects\QuadDLL\QuadDLL\Debug\rc.command.1.tlog
C:\CUDA Projects\QuadDLL\QuadDLL\Debug\rc.read.1.tlog
C:\CUDA Projects\QuadDLL\QuadDLL\Debug\rc.write.1.tlog
C:\CUDA Projects\QuadDLL\QuadDLL\Debug\vc100.idb
C:\CUDA PROJECTS\QUADDLL\QUADDLL\DEBUG\VC100.PDB
